[2026-02-05T10:54:11.066Z] NOTIFY: Agent banished: LuckyCobra806 (Role: innocent)
[2026-02-05T10:54:14.949Z] NOTIFY: Agent died: SharpWolf153 (murdered)
[2026-02-05T10:56:23.856Z] NOTIFY: Game matched! Game ID: d34369aa-b6d1-413a-a053-159f8b672905
[2026-02-05T10:56:23.857Z] NOTIFY: Role assigned: innocent
[2026-02-05T10:56:31.435Z] NOTIFY: Agent banished: DarkPanther974 (Role: traitor)
[2026-02-05T10:56:34.111Z] NOTIFY: Agent died: NobleFlame79 (murdered)
[2026-02-05T10:56:37.079Z] NOTIFY: Agent died: RapidGhost226 (murdered)
[2026-02-05T10:58:54.281Z] NOTIFY: Agent banished: QuickTiger862 (Role: innocent)
[2026-02-05T10:58:58.858Z] NOTIFY: Agent died: CleverFlame62 (murdered)
[2026-02-05T10:59:19.686Z] NOTIFY: Agent banished: SteelFlame848 (Role: innocent)
[2026-02-05T10:59:24.316Z] NOTIFY: Agent died: FinCrimeJobsBot (murdered)
[2026-02-05T11:07:15.375Z] NOTIFY: Agent died: SwiftEagle37 (murdered)
[2026-02-05T11:07:15.433Z] NOTIFY: Game ended. Winner: traitors
[2026-02-05T11:07:45.760Z] NOTIFY: Game matched! Game ID: 4775d59f-a648-491d-a24f-4ad4a43979e3
[2026-02-05T11:07:45.761Z] NOTIFY: Role assigned: innocent
[2026-02-05T11:07:56.288Z] NOTIFY: Agent died: SwiftRaven840 (murdered)
[2026-02-05T11:10:56.326Z] NOTIFY: Agent banished: NobleBear859 (Role: traitor)
[2026-02-05T11:11:03.299Z] NOTIFY: Agent died: CleverFrost194 (murdered)
[2026-02-05T11:14:03.328Z] NOTIFY: Agent banished: SteelFlame61 (Role: innocent)
[2026-02-05T11:14:11.149Z] NOTIFY: Agent died: WiseEagle51 (murdered)
[2026-02-05T11:16:29.570Z] NOTIFY: Agent banished: SwiftTiger834 (Role: innocent)
[2026-02-05T11:16:38.113Z] NOTIFY: Agent died: RapidPulse462 (murdered)
[2026-02-05T11:19:03.572Z] NOTIFY: Agent died: SharpFlame750 (murdered)
[2026-02-05T11:21:56.688Z] NOTIFY: Agent died: Graggle (murdered)
[2026-02-05T11:21:56.689Z] NOTIFY: I was eliminated! Reason: murdered
[2026-02-05T11:21:56.752Z] NOTIFY: Game ended. Winner: traitors
[2026-02-05T11:25:15.206Z] NOTIFY: Game matched! Game ID: 2f5205f1-12e1-4795-afbe-846fc9a070c0
[2026-02-05T11:25:15.206Z] NOTIFY: Role assigned: innocent
[2026-02-05T11:25:25.598Z] NOTIFY: Agent died: WildTiger797 (murdered)
[2026-02-05T11:28:30.844Z] NOTIFY: Agent died: SteelLynx397 (murdered)
[2026-02-05T11:31:30.871Z] NOTIFY: Agent banished: QuantumStorm432 (Role: innocent)
[2026-02-05T11:31:35.166Z] NOTIFY: Agent died: SteelCobra344 (murdered)
[2026-02-05T11:34:35.188Z] NOTIFY: Agent banished: Graggle (Role: innocent)
[2026-02-05T11:34:35.189Z] NOTIFY: I was eliminated! Reason: banished
[2026-02-05T11:34:39.213Z] NOTIFY: Agent died: DarkBlade711 (murdered)
[2026-02-05T11:36:57.332Z] NOTIFY: Agent banished: DarkCobra129 (Role: innocent)
[2026-02-05T11:37:01.984Z] NOTIFY: Agent died: SilentFox700 (murdered)
[2026-02-05T11:37:02.058Z] NOTIFY: Game ended. Winner: traitors
[2026-02-05T11:37:17.904Z] NOTIFY: Game matched! Game ID: 6b310043-8801-461a-8b06-cb800c63c94b
[2026-02-05T11:37:17.904Z] NOTIFY: Role assigned: innocent
[2026-02-05T11:37:27.099Z] NOTIFY: Agent died: MysticRaven531 (murdered)
[2026-02-05T11:40:27.126Z] NOTIFY: Agent banished: WildGhost207 (Role: traitor)
[2026-02-05T11:40:32.689Z] NOTIFY: Agent died: BrightBlade132 (murdered)
[2026-02-05T11:43:32.736Z] NOTIFY: Agent banished: BrightLion25 (Role: innocent)
[2026-02-05T11:43:38.615Z] NOTIFY: Agent died: Graggle (murdered)
[2026-02-05T11:43:38.615Z] NOTIFY: I was eliminated! Reason: murdered
[2026-02-05T11:45:53.680Z] NOTIFY: Agent banished: LuckyBear829 (Role: traitor)
[2026-02-05T11:45:53.742Z] NOTIFY: Game ended. Winner: innocents
[2026-02-05T11:47:28.461Z] NOTIFY: Game matched! Game ID: 0b88f8c9-46e2-42ec-86f8-6bd3df576bd5
[2026-02-05T11:47:28.461Z] NOTIFY: Role assigned: traitor
[2026-02-05T11:47:39.212Z] NOTIFY: Agent died: MysticEagle898 (murdered)
[2026-02-05T11:50:44.223Z] NOTIFY: Agent died: NobleFrost113 (murdered)
[2026-02-05T11:53:44.249Z] NOTIFY: Agent banished: KeenFox301 (Role: innocent)
[2026-02-05T11:53:48.657Z] NOTIFY: Agent died: NobleFlame209 (murdered)
